c:\users\pablo\desktop\project\efm\c-2a_efm\c-2a_efm\x64\debug\vc143.pdb
c:\users\pablo\desktop\project\efm\c-2a_efm\c-2a_efm\x64\debug\vc143.idb
c:\users\pablo\desktop\project\efm\c-2a_efm\c-2a_efm\x64\debug\quaternions.obj
c:\users\pablo\desktop\project\efm\c-2a_efm\c-2a_efm\x64\debug\forcesmoments.obj
c:\users\pablo\desktop\project\efm\c-2a_efm\c-2a_efm\x64\debug\engine.obj
c:\users\pablo\desktop\project\efm\c-2a_efm\c-2a_efm\x64\debug\bus.obj
c:\users\pablo\desktop\project\efm\c-2a_efm\c-2a_efm\x64\debug\atmosphere.obj
c:\users\pablo\desktop\project\efm\c-2a_efm\x64\debug\c-2a_efm.dll
c:\users\pablo\desktop\project\efm\c-2a_efm\x64\debug\c-2a_efm.pdb
c:\users\pablo\desktop\project\efm\c-2a_efm\x64\debug\c-2a_efm.lib
c:\users\pablo\desktop\project\efm\c-2a_efm\x64\debug\c-2a_efm.exp
c:\users\pablo\desktop\project\efm\c-2a_efm\c-2a_efm\x64\debug\c-2a_efm.ilk
c:\users\pablo\desktop\project\efm\c-2a_efm\c-2a_efm\x64\debug\c-2a_efm.tlog\cl.command.1.tlog
c:\users\pablo\desktop\project\efm\c-2a_efm\c-2a_efm\x64\debug\c-2a_efm.tlog\cl.items.tlog
c:\users\pablo\desktop\project\efm\c-2a_efm\c-2a_efm\x64\debug\c-2a_efm.tlog\cl.read.1.tlog
c:\users\pablo\desktop\project\efm\c-2a_efm\c-2a_efm\x64\debug\c-2a_efm.tlog\cl.write.1.tlog
c:\users\pablo\desktop\project\efm\c-2a_efm\c-2a_efm\x64\debug\c-2a_efm.tlog\link.command.1.tlog
c:\users\pablo\desktop\project\efm\c-2a_efm\c-2a_efm\x64\debug\c-2a_efm.tlog\link.read.1.tlog
c:\users\pablo\desktop\project\efm\c-2a_efm\c-2a_efm\x64\debug\c-2a_efm.tlog\link.secondary.1.tlog
c:\users\pablo\desktop\project\efm\c-2a_efm\c-2a_efm\x64\debug\c-2a_efm.tlog\link.write.1.tlog
